<?xml version="1.0" encoding="UTF-8"?>
<!-- Generated by org.testng.reporters.JUnitXMLReporter -->
<testsuite ignored="0" hostname="CMDLHRLT715" failures="3" tests="3" name="Command line test" time="15.647" errors="0" timestamp="2022-08-24T23:06:45 MDT">
  <testcase classname="lab7.Lab7NewTest" name="login" time="0.0">
    <failure type="org.testng.TestNGException" message="
Method public void lab7.Lab7NewTest.login(java.lang.String,java.lang.String) requires a @DataProvider named : LogIn">
      <![CDATA[org.testng.TestNGException: 
Method public void lab7.Lab7NewTest.login(java.lang.String,java.lang.String) requires a @DataProvider named : LogIn
at java.base/java.util.ArrayList.forEach(ArrayList.java:1511)
... Removed 31 stack frames]]>
    </failure>
  </testcase> <!-- login -->
  <testcase classname="lab7.Lab7NewTest" name="patientadd" time="0.166">
    <failure type="org.openqa.selenium.NoSuchFrameException" message="No frame element found by name or id fraCureMD_Menu
Build info: version: &amp;apos;4.3.0&amp;apos;, revision: &amp;apos;a4995e2c09*&amp;apos;
System info: host: &amp;apos;CMDLHRLT715&amp;apos;, ip: &amp;apos;172.16.100.39&amp;apos;, os.name: &amp;apos;Windows 10&amp;apos;, os.arch: &amp;apos;amd64&amp;apos;, os.version: &amp;apos;10.0&amp;apos;, java.version: &amp;apos;18.0.1.1&amp;apos;
Driver info: driver.version: unknown">
      <![CDATA[org.openqa.selenium.NoSuchFrameException: No frame element found by name or id fraCureMD_Menu
Build info: version: '4.3.0', revision: 'a4995e2c09*'
System info: host: 'CMDLHRLT715', ip: '172.16.100.39', os.name: 'Windows 10', os.arch: 'amd64', os.version: '10.0', java.version: '18.0.1.1'
Driver info: driver.version: unknown
at org.openqa.selenium.remote.RemoteWebDriver$RemoteTargetLocator.frame(RemoteWebDriver.java:1088)
at lab7.Lab7NewTest.patientadd(Lab7NewTest.java:56)
at java.base/java.util.ArrayList.forEach(ArrayList.java:1511)
... Removed 32 stack frames]]>
    </failure>
  </testcase> <!-- patientadd -->
  <testcase classname="lab7.Lab7NewTest" name="putdetails" time="0.04">
    <failure type="org.openqa.selenium.NoSuchFrameException" message="No frame element found by name or id fraCureMD_Body
Build info: version: &amp;apos;4.3.0&amp;apos;, revision: &amp;apos;a4995e2c09*&amp;apos;
System info: host: &amp;apos;CMDLHRLT715&amp;apos;, ip: &amp;apos;172.16.100.39&amp;apos;, os.name: &amp;apos;Windows 10&amp;apos;, os.arch: &amp;apos;amd64&amp;apos;, os.version: &amp;apos;10.0&amp;apos;, java.version: &amp;apos;18.0.1.1&amp;apos;
Driver info: driver.version: unknown">
      <![CDATA[org.openqa.selenium.NoSuchFrameException: No frame element found by name or id fraCureMD_Body
Build info: version: '4.3.0', revision: 'a4995e2c09*'
System info: host: 'CMDLHRLT715', ip: '172.16.100.39', os.name: 'Windows 10', os.arch: 'amd64', os.version: '10.0', java.version: '18.0.1.1'
Driver info: driver.version: unknown
at org.openqa.selenium.remote.RemoteWebDriver$RemoteTargetLocator.frame(RemoteWebDriver.java:1088)
at lab7.Lab7NewTest.putdetails(Lab7NewTest.java:66)
at java.base/java.util.ArrayList.forEach(ArrayList.java:1511)
... Removed 32 stack frames]]>
    </failure>
  </testcase> <!-- putdetails -->
</testsuite> <!-- Command line test -->
